INFO:     Started server process [31020]
INFO:     Waiting for application startup.
WARNING | DirtyTokens.json missing required keys: {'intensities', 'tokens'}
INFO | SAAS Hooks API ready Ś 46 skills loaded
INFO |   POST /hooks/RAG                         Search and manage ingested documents. Can search for relevan
INFO |   POST /hooks/ally_comment_assistant      Fetch YouTube video info & transcript, suggest value-aligned
INFO |   POST /hooks/audio_align                 Force-align lyrics text to audio using DTW
INFO |   POST /hooks/audio_analyze               Analyze audio: BPM, key, duration, MFCC profile
INFO |   POST /hooks/audio_batch_process         Batch process multiple audio files through stem separation
INFO |   POST /hooks/audio_info                  Get audio skill metadata and capabilities
INFO |   POST /hooks/audio_list_models           List available TTS models and voice clones
INFO |   POST /hooks/audio_lyrics                Generate lyrics using Markov chain from training corpus
INFO |   POST /hooks/audio_mix_stems             Mix multiple stem WAV files into one with adjustable volumes
INFO |   POST /hooks/audio_music_video           Generate a music video from audio + images
INFO |   POST /hooks/audio_noise_cancel          Apply noise cancellation / spectral gating to audio
INFO |   POST /hooks/audio_remix                 Remix audio: mix vocals from one source with beats from anot
INFO |   POST /hooks/audio_separate_stems        Separate audio into vocal/beat/bass/drum stems using Demucs
INFO |   POST /hooks/audio_synthesize            Synthesize speech from text using Piper TTS
INFO |   POST /hooks/audio_transcribe            Transcribe audio to text using Whisper
INFO |   POST /hooks/audio_voice_clone           Clone voice from source to target audio using ECAPA-TDNN emb
INFO |   POST /hooks/batch_wizard                Voice-driven batch processing wizard - scan dirs, choose fil
INFO |   POST /hooks/comic_compiler              Compile narrative JSON into PDF/HTML with TTS narration
INFO |   POST /hooks/dirty_talker                Generate NSFW spoken phrases via token recombination (requir
INFO |   POST /hooks/essay_generate              Generate visual essay from text in 10 formats: infographic, 
INFO |   POST /hooks/github_bridge               Versioned, auditable agent-repo interaction Ś commit, PR, is
INFO |   POST /hooks/humor_ascii_generator       Generate simple ASCII art from a text prompt (offline, templ
INFO |   POST /hooks/humor_meme                  Display ASCII art memes from the Sovereign Slapback Collecti
INFO |   POST /hooks/intent_cache_clear          Clear the intent enrichment cache
INFO |   POST /hooks/intent_enricher             Map raw intent onto 3D Isographic Grid (Action x Domain x Co
INFO |   POST /hooks/intent_forge                Generate a BaseSkill subclass from mapped intent and save to
INFO |   POST /hooks/intent_forge_manifest       Generate a Skills.md manifest for a forged skill instead of 
INFO |   POST /hooks/learnings                   Shared knowledge registry Ś agents read before acting, write
INFO |   POST /hooks/lexicon                     Query the music artist lexicon - search artists, collabs, ge
INFO |   POST /hooks/meme_forge                  Generate offline ASCII humour memes from seed lexicon templa
INFO |   POST /hooks/midi_render                 Convert note sequences to sheet music HTML + playback data
INFO |   POST /hooks/query_filesystem_count      Auto-forged skill for: count wav files in a directory
INFO |   POST /hooks/replay_audit                SQLite audit store with HMAC row-level signatures, expiry, a
INFO |   POST /hooks/replay_expiry_worker        Periodic worker that expires old replay_audit events
INFO |   POST /hooks/replay_manager              Event-sourced replay logging with HMAC key from Settings.jso
INFO |   POST /hooks/signal_filter               High-pass conversational filter that strips filler tokens be
INFO |   POST /hooks/signal_filter_stats         Report filler token statistics across multiple utterances
INFO |   POST /hooks/text_classify               Keyword-based text classification into 14 categories with co
INFO |   POST /hooks/text_extract_entities       Extract structured entities from text Ś emails, URLs, phones
INFO |   POST /hooks/text_generate               Template-based text generation Ś stories, poems, emails, twe
INFO |   POST /hooks/text_rewrite                Paraphrase text in different tones Ś formal, casual, profess
INFO |   POST /hooks/text_summarize              Extractive text summarization Ś top sentences by keyword den
INFO |   POST /hooks/text_translate              Translate text between languages using a built-in phrase dat
INFO |   POST /hooks/transform_filesystem_convert  Auto-forged skill for: convert all wav files to mp3 in a fol
INFO |   POST /hooks/unknown_filesystem_unknown  Auto-forged skill for: i want a skill that counts wav files 
INFO |   POST /hooks/vibe_affirmations           Wholesome token-recombined developer affirmations Ś zero API
INFO:     Application startup complete.
INFO:     Uvicorn running on http://127.0.0.1:8001 (Press CTRL+C to quit)
